<?xml version="1.0" encoding="UTF-8"?>
<testng-results ignored="0" total="1" passed="1" failed="0" skipped="0">
  <reporter-output>
  </reporter-output>
  <suite started-at="2026-01-27T00:02:51 IST" name="Default suite" finished-at="2026-01-27T00:03:00 IST" duration-ms="9130">
    <groups>
      <group name="cucumber">
        <method signature="AbstractTestNGCucumberTests.runScenario(io.cucumber.testng.PickleWrapper,io.cucumber.testng.FeatureWrapper)[pri:0, instance:Runnerpackage.TestRunner@7f0eb4b4]" name="runScenario" class="io.cucumber.testng.AbstractTestNGCucumberTests"/>
      </group> <!-- cucumber -->
    </groups>
    <test started-at="2026-01-27T00:02:51 IST" name="Default test" finished-at="2026-01-27T00:03:00 IST" duration-ms="9130">
      <class name="Runnerpackage.TestRunner">
        <test-method is-config="true" signature="intiateprocess()[pri:0, instance:Runnerpackage.TestRunner@7f0eb4b4]" started-at="2026-01-27T00:02:51 IST" name="intiateprocess" finished-at="2026-01-27T00:02:56 IST" duration-ms="5453" status="PASS">
          <reporter-output>
          </reporter-output>
        </test-method> <!-- intiateprocess -->
        <test-method is-config="true" signature="setUpClass(org.testng.ITestContext)[pri:0, instance:Runnerpackage.TestRunner@7f0eb4b4]" started-at="2026-01-27T00:02:56 IST" name="setUpClass" finished-at="2026-01-27T00:02:57 IST" duration-ms="983" status="PASS">
          <params>
            <param index="0">
              <value>
                <![CDATA[org.testng.TestRunner@2650f79]]>
              </value>
            </param>
          </params>
          <reporter-output>
          </reporter-output>
        </test-method> <!-- setUpClass -->
        <test-method signature="runScenario(io.cucumber.testng.PickleWrapper,io.cucumber.testng.FeatureWrapper)[pri:0, instance:Runnerpackage.TestRunner@7f0eb4b4]" started-at="2026-01-27T00:02:57 IST" name="runScenario" description="Runs Cucumber Scenarios" data-provider="scenarios" finished-at="2026-01-27T00:02:58 IST" duration-ms="671" status="PASS">
          <params>
            <param index="0">
              <value>
                <![CDATA["User Searches on Google chrome"]]>
              </value>
            </param>
            <param index="1">
              <value>
                <![CDATA["Search on Google Chrome"]]>
              </value>
            </param>
          </params>
          <reporter-output>
          </reporter-output>
        </test-method> <!-- runScenario -->
        <test-method is-config="true" signature="tearDownClass()[pri:0, instance:Runnerpackage.TestRunner@7f0eb4b4]" started-at="2026-01-27T00:02:58 IST" name="tearDownClass" finished-at="2026-01-27T00:03:00 IST" duration-ms="1959" status="PASS">
          <reporter-output>
          </reporter-output>
        </test-method> <!-- tearDownClass -->
        <test-method is-config="true" signature="CloseBrowser()[pri:0, instance:Runnerpackage.TestRunner@7f0eb4b4]" started-at="2026-01-27T00:03:00 IST" name="CloseBrowser" finished-at="2026-01-27T00:03:00 IST" duration-ms="343" status="PASS">
          <reporter-output>
          </reporter-output>
        </test-method> <!-- CloseBrowser -->
      </class> <!-- Runnerpackage.TestRunner -->
    </test> <!-- Default test -->
  </suite> <!-- Default suite -->
</testng-results>
